INFO:root:2021-17-03 19:04:14
INFO:root:File name: Test.mp4; file size: 13804696 B
INFO:root:Connection set to client1 (127.0.0.1:51323)
INFO:root:Connection set to client2 (127.0.0.1:51324)
INFO:root:Connection set to client3 (127.0.0.1:51325)
INFO:root:_____________________________________________________________________________________________________
INFO:root:Successful connections:
INFO:root:Client1: yes
INFO:root:Client2: yes
INFO:root:Client3: yes
INFO:root:_____________________________________________________________________________________________________
INFO:root:Running times:
INFO:root:Client1: 1.7320010662078857 s
INFO:root:Client2: 1.6640026569366455 s
INFO:root:Client3: 1.682999610900879 s
INFO:root:_____________________________________________________________________________________________________
INFO:root:Bytes sent:
INFO:root:Client1: 1.7320010662078857 s
INFO:root:Client2: 1.6640026569366455 s
INFO:root:Client3: 1.682999610900879 s
INFO:root:_____________________________________________________________________________________________________
INFO:root:Packages sent:
INFO:root:Client1: 1.7320010662078857 s
INFO:root:Client2: 1.6640026569366455 s
INFO:root:Client3: 1.682999610900879 s
