INFO:root:2021-17-03 21:24:46
INFO:root:File name: File1.mp4; file size: 258843189 B
INFO:root:Connection set to client1 (127.0.0.1:59979)
INFO:root:Connection set to client2 (127.0.0.1:59980)
INFO:root:_____________________________________________________________________________________________________
INFO:root:Successful connections:
INFO:root:Client1: yes
INFO:root:Client2: yes
INFO:root:_____________________________________________________________________________________________________
INFO:root:Running times:
INFO:root:Client1: 20.44477605819702 s
INFO:root:Client2: 20.757771968841553 s
INFO:root:_____________________________________________________________________________________________________
INFO:root:Bytes sent:
INFO:root:Client1: 258843252.0 B
INFO:root:Client2: 258843252.0 B
INFO:root:_____________________________________________________________________________________________________
INFO:root:Packages sent:
INFO:root:Client1: 252781.0
INFO:root:Client2: 252781.0
