INFO:root:2021-17-03 21:23:05
INFO:root:File name: File1.mp4; file size: 258843189 B
INFO:root:Connection set to client1 (127.0.0.1:59929)
INFO:root:Connection set to client2 (127.0.0.1:59930)
INFO:root:_____________________________________________________________________________________________________
INFO:root:Successful connections:
INFO:root:Client1: yes
INFO:root:Client2: yes
INFO:root:_____________________________________________________________________________________________________
INFO:root:Running times:
INFO:root:Client1: 22.93017315864563 s
INFO:root:Client2: 21.131168127059937 s
INFO:root:_____________________________________________________________________________________________________
INFO:root:Bytes sent:
INFO:root:Client1: 258843252.0 B
INFO:root:Client2: 258843252.0 B
INFO:root:_____________________________________________________________________________________________________
INFO:root:Packages sent:
INFO:root:Client1: 252781.0
INFO:root:Client2: 252781.0
